<?xml version="1.0" encoding="UTF-8"?>
<testsuite xmlns:xsi="http://www.w3.org/2001/XMLSchema-instance" xsi:noNamespaceSchemaLocation="https://maven.apache.org/surefire/maven-surefire-plugin/xsd/surefire-test-report-3.0.xsd" version="3.0" name="com.mycompany.b.l.db.CustomerDAOTest" time="0.009" tests="8" errors="0" skipped="0" failures="0">
  <properties>
[...]
</properties>
  <testcase name="testGetCustomerById" classname="com.mycompany.b.l.db.CustomerDAOTest" time="0.0">
    <system-out><![CDATA[getCustomerById
]]></system-out>
  </testcase>
  <testcase name="testIsUsernameExists" classname="com.mycompany.b.l.db.CustomerDAOTest" time="0.0">
    <system-out><![CDATA[isUsernameExists
]]></system-out>
  </testcase>
  <testcase name="testAuthenticateCustomer_Successful" classname="com.mycompany.b.l.db.CustomerDAOTest" time="0.003">
    <system-out><![CDATA[testAuthenticateCustomer_Successful
]]></system-out>
  </testcase>
  <testcase name="testSearchCustomers" classname="com.mycompany.b.l.db.CustomerDAOTest" time="0.0">
    <system-out><![CDATA[searchCustomers
]]></system-out>
  </testcase>
  <testcase name="testGetAllCustomers" classname="com.mycompany.b.l.db.CustomerDAOTest" time="0.0">
    <system-out><![CDATA[getAllCustomers
com.mycompany.b.l.db.Customer@48fa0f47
com.mycompany.b.l.db.Customer@6ac13091
com.mycompany.b.l.db.Customer@5e316c74
com.mycompany.b.l.db.Customer@6d2a209c
com.mycompany.b.l.db.Customer@75329a49
com.mycompany.b.l.db.Customer@161479c6
com.mycompany.b.l.db.Customer@4313f5bc
com.mycompany.b.l.db.Customer@7f010382
com.mycompany.b.l.db.Customer@1e802ef9
com.mycompany.b.l.db.Customer@2b6faea6
com.mycompany.b.l.db.Customer@778d1062
com.mycompany.b.l.db.Customer@670002
com.mycompany.b.l.db.Customer@1f0f1111
com.mycompany.b.l.db.Customer@49c386c8
com.mycompany.b.l.db.Customer@56528192
com.mycompany.b.l.db.Customer@6e0dec4a
com.mycompany.b.l.db.Customer@96def03
com.mycompany.b.l.db.Customer@5ccddd20
com.mycompany.b.l.db.Customer@1ed1993a
com.mycompany.b.l.db.Customer@1f3f4916
com.mycompany.b.l.db.Customer@794cb805
com.mycompany.b.l.db.Customer@4b5a5ed1
]]></system-out>
  </testcase>
  <testcase name="testUpdateCustomer" classname="com.mycompany.b.l.db.CustomerDAOTest" time="0.002">
    <system-out><![CDATA[updateCustomer
]]></system-out>
  </testcase>
  <testcase name="testAuthenticateCustomer_Failed" classname="com.mycompany.b.l.db.CustomerDAOTest" time="0.0">
    <system-out><![CDATA[testAuthenticateCustomer_Failed
]]></system-out>
  </testcase>
  <testcase name="testIsEmailExists" classname="com.mycompany.b.l.db.CustomerDAOTest" time="0.001">
    <system-out><![CDATA[isEmailExists
]]></system-out>
  </testcase>
</testsuite>