<?xml version="1.0" encoding="UTF-8"?>
<testsuite xmlns:xsi="http://www.w3.org/2001/XMLSchema-instance" xsi:noNamespaceSchemaLocation="https://maven.apache.org/surefire/maven-surefire-plugin/xsd/surefire-test-report-3.0.xsd" version="3.0" name="com.mycompany.b.l.db.BookingDAOTest" time="1.14" tests="18" errors="0" skipped="0" failures="0">
  <properties>
[...]
</properties>
  <testcase name="testGetBookingsByStatus" classname="com.mycompany.b.l.db.BookingDAOTest" time="0.4">
    <system-out><![CDATA[getBookingsByStatus
Found 312 bookings with status: Pending
]]></system-out>
    <system-err><![CDATA[SLF4J(W): No SLF4J providers were found.
SLF4J(W): Defaulting to no-operation (NOP) logger implementation
SLF4J(W): See https://www.slf4j.org/codes.html#noProviders for further details.
]]></system-err>
  </testcase>
  <testcase name="testSearchBookingsByCustomerID" classname="com.mycompany.b.l.db.BookingDAOTest" time="0.046">
    <system-out><![CDATA[searchBookingsByCustomerID
Found 459 bookings for customer ID: 1
]]></system-out>
  </testcase>
  <testcase name="testGetBookingById" classname="com.mycompany.b.l.db.BookingDAOTest" time="0.006">
    <system-out><![CDATA[getBookingById
]]></system-out>
  </testcase>
  <testcase name="testGetBookingsByDriverId" classname="com.mycompany.b.l.db.BookingDAOTest" time="0.012">
    <system-out><![CDATA[getBookingsByDriverId
No bookings found for driverId=1
]]></system-out>
  </testcase>
  <testcase name="testGetBookingsByDriverIdAndStatus" classname="com.mycompany.b.l.db.BookingDAOTest" time="0.012">
    <system-out><![CDATA[getBookingsByDriverIdAndStatus
]]></system-out>
  </testcase>
  <testcase name="testGetBookingsByCustomerIdAndDriverId" classname="com.mycompany.b.l.db.BookingDAOTest" time="0.009">
    <system-out><![CDATA[getBookingsByCustomerIdAndDriverId
No bookings found for customerId=10 and driverId=86
]]></system-out>
  </testcase>
  <testcase name="testGetBookingsByCustomerIdOrderByBookingDate" classname="com.mycompany.b.l.db.BookingDAOTest" time="0.014">
    <system-out><![CDATA[getBookingsByCustomerIdOrderByBookingDate
]]></system-out>
  </testcase>
  <testcase name="testGetBookingsWithNullDriverId" classname="com.mycompany.b.l.db.BookingDAOTest" time="0.044">
    <system-out><![CDATA[getBookingsWithNullDriverId
]]></system-out>
  </testcase>
  <testcase name="testGetAllBookings" classname="com.mycompany.b.l.db.BookingDAOTest" time="0.033">
    <system-err><![CDATA[Mar 14, 2025 2:34:23 AM com.mycompany.b.l.db.BookingDAOTest testGetAllBookings
INFO: Starting testGetAllBookings method
Mar 14, 2025 2:34:23 AM com.mycompany.b.l.db.BookingDAOTest testGetAllBookings
INFO: Checking if BookingDAO instance is initialized
Mar 14, 2025 2:34:23 AM com.mycompany.b.l.db.BookingDAOTest testGetAllBookings
INFO: BookingDAO instance is initialized successfully
Mar 14, 2025 2:34:23 AM com.mycompany.b.l.db.BookingDAOTest testGetAllBookings
INFO: Retrieving list of bookings from the database
Mar 14, 2025 2:34:23 AM com.mycompany.b.l.db.BookingDAOTest testGetAllBookings
INFO: Number of cars retrieved: 1107
Mar 14, 2025 2:34:23 AM com.mycompany.b.l.db.BookingDAOTest testGetAllBookings
INFO: First car in the list: Booking{bookingId=4, customerId=10, pickupLocation='123 Main St', dropLocation='456 Elm St', price=50.0, discount=5.0, tax=4.5, bookingDate=2023-10-01 10:00:00.0, status=Pending, carId=86, driverId=0, pickuptime=null}
Mar 14, 2025 2:34:23 AM com.mycompany.b.l.db.BookingDAOTest testGetAllBookings
INFO: Performing assertions on the retrieved car list
Mar 14, 2025 2:34:23 AM com.mycompany.b.l.db.BookingDAOTest testGetAllBookings
INFO: testGetAllCars method completed successfully
]]></system-err>
  </testcase>
  <testcase name="testUpdateBooking" classname="com.mycompany.b.l.db.BookingDAOTest" time="0.025">
    <system-out><![CDATA[updateBooking
]]></system-out>
    <system-err><![CDATA[Mar 14, 2025 2:34:23 AM com.mycompany.b.l.db.BookingDAO updateBooking
SEVERE: Error updating booking with BookingID: 7
java.sql.SQLException: Parameter index out of range (13 > number of parameters, which is 12).
	at com.mysql.cj.jdbc.exceptions.SQLError.createSQLException(SQLError.java:129)
	at com.mysql.cj.jdbc.exceptions.SQLError.createSQLException(SQLError.java:97)
	at com.mysql.cj.jdbc.exceptions.SQLError.createSQLException(SQLError.java:89)
	at com.mysql.cj.jdbc.exceptions.SQLError.createSQLException(SQLError.java:63)
	at com.mysql.cj.jdbc.ClientPreparedStatement.checkBounds(ClientPreparedStatement.java:1345)
	at com.mysql.cj.jdbc.ClientPreparedStatement.getCoreParameterIndex(ClientPreparedStatement.java:1358)
	at com.mysql.cj.jdbc.ClientPreparedStatement.setObject(ClientPreparedStatement.java:1632)
	at com.mycompany.b.l.db.BookingDAO.updateBooking(BookingDAO.java:181)
	at com.mycompany.b.l.db.BookingDAOTest.testUpdateBooking(BookingDAOTest.java:153)
	at sun.reflect.NativeMethodAccessorImpl.invoke0(Native Method)
	at sun.reflect.NativeMethodAccessorImpl.invoke(NativeMethodAccessorImpl.java:62)
	at sun.reflect.DelegatingMethodAccessorImpl.invoke(DelegatingMethodAccessorImpl.java:43)
	at java.lang.reflect.Method.invoke(Method.java:498)
	at org.junit.runners.model.FrameworkMethod$1.runReflectiveCall(FrameworkMethod.java:59)
	at org.junit.internal.runners.model.ReflectiveCallable.run(ReflectiveCallable.java:12)
	at org.junit.runners.model.FrameworkMethod.invokeExplosively(FrameworkMethod.java:56)
	at org.junit.internal.runners.statements.InvokeMethod.evaluate(InvokeMethod.java:17)
	at org.junit.internal.runners.statements.RunBefores.evaluate(RunBefores.java:26)
	at org.junit.internal.runners.statements.RunAfters.evaluate(RunAfters.java:27)
	at org.junit.runners.ParentRunner$3.evaluate(ParentRunner.java:306)
	at org.junit.runners.BlockJUnit4ClassRunner$1.evaluate(BlockJUnit4ClassRunner.java:100)
	at org.junit.runners.ParentRunner.runLeaf(ParentRunner.java:366)
	at org.junit.runners.BlockJUnit4ClassRunner.runChild(BlockJUnit4ClassRunner.java:103)
	at org.junit.runners.BlockJUnit4ClassRunner.runChild(BlockJUnit4ClassRunner.java:63)
	at org.junit.runners.ParentRunner$4.run(ParentRunner.java:331)
	at org.junit.runners.ParentRunner$1.schedule(ParentRunner.java:79)
	at org.junit.runners.ParentRunner.runChildren(ParentRunner.java:329)
	at org.junit.runners.ParentRunner.access$100(ParentRunner.java:66)
	at org.junit.runners.ParentRunner$2.evaluate(ParentRunner.java:293)
	at org.junit.internal.runners.statements.RunBefores.evaluate(RunBefores.java:26)
	at org.junit.internal.runners.statements.RunAfters.evaluate(RunAfters.java:27)
	at org.junit.runners.ParentRunner$3.evaluate(ParentRunner.java:306)
	at org.junit.runners.ParentRunner.run(ParentRunner.java:413)
	at org.apache.maven.surefire.junit4.JUnit4Provider.execute(JUnit4Provider.java:316)
	at org.apache.maven.surefire.junit4.JUnit4Provider.executeWithRerun(JUnit4Provider.java:240)
	at org.apache.maven.surefire.junit4.JUnit4Provider.executeTestSet(JUnit4Provider.java:214)
	at org.apache.maven.surefire.junit4.JUnit4Provider.invoke(JUnit4Provider.java:155)
	at org.apache.maven.surefire.booter.ForkedBooter.runSuitesInProcess(ForkedBooter.java:385)
	at org.apache.maven.surefire.booter.ForkedBooter.execute(ForkedBooter.java:162)
	at org.apache.maven.surefire.booter.ForkedBooter.run(ForkedBooter.java:507)
	at org.apache.maven.surefire.booter.ForkedBooter.main(ForkedBooter.java:495)

]]></system-err>
  </testcase>
  <testcase name="testGetBookingsByDateRange" classname="com.mycompany.b.l.db.BookingDAOTest" time="0.054">
    <system-out><![CDATA[getBookingsByDateRange
]]></system-out>
  </testcase>
  <testcase name="testUpdateBookingStatus" classname="com.mycompany.b.l.db.BookingDAOTest" time="0.038">
    <system-out><![CDATA[updateBookingStatus
]]></system-out>
  </testcase>
  <testcase name="testGetBookingsByCarId" classname="com.mycompany.b.l.db.BookingDAOTest" time="0.111">
    <system-out><![CDATA[getBookingsByCarId
]]></system-out>
  </testcase>
  <testcase name="testAddBooking" classname="com.mycompany.b.l.db.BookingDAOTest" time="0.039">
    <system-out><![CDATA[addBooking
]]></system-out>
  </testcase>
  <testcase name="testGetBookingsByCarIdAndStatus" classname="com.mycompany.b.l.db.BookingDAOTest" time="0.039">
    <system-out><![CDATA[getBookingsByCarIdAndStatus
Found 208 bookings for carId: 86 and status: Pending
]]></system-out>
  </testcase>
  <testcase name="testGetBookingsByCustomerIdAndCarIdAndDriverId" classname="com.mycompany.b.l.db.BookingDAOTest" time="0.029">
    <system-out><![CDATA[getBookingsByCustomerIdAndCarIdAndDriverId
]]></system-out>
  </testcase>
  <testcase name="testDeleteBooking" classname="com.mycompany.b.l.db.BookingDAOTest" time="0.068">
    <system-out><![CDATA[deleteBooking
]]></system-out>
  </testcase>
  <testcase name="testGetBookingsByCustomerIdAndStatus" classname="com.mycompany.b.l.db.BookingDAOTest" time="0.02">
    <system-out><![CDATA[getBookingsByCustomerIdAndStatus
]]></system-out>
  </testcase>
</testsuite>