<?xml version="1.0" encoding="UTF-8"?>
<testsuite xmlns:xsi="http://www.w3.org/2001/XMLSchema-instance" xsi:noNamespaceSchemaLocation="https://maven.apache.org/surefire/maven-surefire-plugin/xsd/surefire-test-report-3.0.xsd" version="3.0" name="com.mycompany.b.l.db.DriverDBTest" time="0.012" tests="7" errors="0" skipped="0" failures="0">
  <properties>
[...]
</properties>
  <testcase name="testGetDriverById" classname="com.mycompany.b.l.db.DriverDBTest" time="0.005">
    <system-out><![CDATA[getDriverById
]]></system-out>
  </testcase>
  <testcase name="testUpdateDriver" classname="com.mycompany.b.l.db.DriverDBTest" time="0.001">
    <system-out><![CDATA[updateDriver
]]></system-out>
    <system-err><![CDATA[Mar 16, 2025 2:36:11 PM com.mycompany.b.l.db.DriverDB updateDriver
INFO: Driver updated successfully: 4
]]></system-err>
  </testcase>
  <testcase name="testGetDriverByCarId" classname="com.mycompany.b.l.db.DriverDBTest" time="0.0">
    <system-out><![CDATA[getDriverByCarId
]]></system-out>
  </testcase>
  <testcase name="testGetAllDrivers" classname="com.mycompany.b.l.db.DriverDBTest" time="0.002">
    <system-out><![CDATA[getAllDrivers
Driver [driverID=1, name=Jane Doe, nic=987654321V, licenseNumber=LIC67890, licenseExpiryDate=2026-12-31, phoneNumber=0987654321, address=456 Elm St, email=jane.doe@example.com, dateOfBirth=1995-05-05, gender=Female, assignedCarID=78, availability=false, yearsOfExperience=3, rating=4.0, lastTripDate=2023-09-01, emergencyContact=1234567890, salary=45000.0, username=janedoe, password=Hash12]
Driver [driverID=2, name=Taylor Swift, nic=19008899V, licenseNumber=C90990, licenseExpiryDate=2028-12-20, phoneNumber=076560075, address=1288, Main2 St, USA, email=TaylorSwift@gmail.com, dateOfBirth=1985-08-15, gender=Female, assignedCarID=78, availability=true, yearsOfExperience=5, rating=4.5, lastTripDate=2025-02-01, emergencyContact=07129879, salary=32000.0, username=taylor_swift, password=$2a$12$e8iBk6mDDeKv7Pwdp8i59.pXFAsD.7h4oUpq19RoD9/m9o800I1gO]
Driver [driverID=3, name=Alice Johnson, nic=456789123V, licenseNumber=B98706543, licenseExpiryDate=2026-10-15, phoneNumber=0773456789, address=789 Oak St, Galle, email=alice.johnson@example.com, dateOfBirth=1988-03-12, gender=Female, assignedCarID=83, availability=true, yearsOfExperience=12, rating=4.8, lastTripDate=2023-10-05, emergencyContact=0775432109, salary=52000.0, username=alicejohnson, password=hashedpassword3]
Driver [driverID=4, name=Updated Name, nic=665555V, licenseNumber=AB1234567, licenseExpiryDate=2025-12-31, phoneNumber=077736366726, address=123 New Street, City, email=updatedemail@example.com, dateOfBirth=1985-05-12, gender=Male, assignedCarID=76, availability=true, yearsOfExperience=10, rating=4.5, lastTripDate=2025-01-25, emergencyContact=911, salary=50000.0, username=updated_username, password=updated_password]
Driver [driverID=5, name=Robert Wilson, nic=567890123V, licenseNumber=B5678901, licenseExpiryDate=2029-07-30, phoneNumber=0775678901, address=753 Maple Lane, City, email=robertw@email.com, dateOfBirth=1988-06-21, gender=Male, assignedCarID=null, availability=true, yearsOfExperience=12, rating=4.7, lastTripDate=2025-02-02, emergencyContact=072, salary=49000.0, username=user3, password=p3]
Driver [driverID=6, name=Diana Evans, nic=789123456V, licenseNumber=P6789012, licenseExpiryDate=2025-07-30, phoneNumber=0766789012, address=987 Birch St, Anuradhapura, email=diana.evans@example.com, dateOfBirth=1992-04-22, gender=Female, assignedCarID=86, availability=true, yearsOfExperience=7, rating=4.6, lastTripDate=2023-09-29, emergencyContact=0772109876, salary=47000.0, username=dianaevans, password=hashedpassword6]
Driver [driverID=7, name=Ethan Green, nic=987321654V, licenseNumber=B7890123, licenseExpiryDate=2026-06-15, phoneNumber=0767890123, address=123 Maple St, Polonnaruwa, email=ethan.green@example.com, dateOfBirth=1987-09-10, gender=Male, assignedCarID=87, availability=true, yearsOfExperience=9, rating=4.7, lastTripDate=2023-10-03, emergencyContact=0771098765, salary=49000.0, username=ethangreen, password=hashedpassword7]
Driver [driverID=8, name=Fiona Harris, nic=654987321V, licenseNumber=T8901234, licenseExpiryDate=2024-05-20, phoneNumber=0728901234, address=456 Walnut St, Ratnapura, email=fiona.harris@example.com, dateOfBirth=1993-12-05, gender=Female, assignedCarID=88, availability=true, yearsOfExperience=6, rating=4.3, lastTripDate=2023-09-27, emergencyContact=0770987654, salary=46000.0, username=fionaharris, password=hashedpassword8]
Driver [driverID=9, name=George Clark, nic=321987654V, licenseNumber=B9012345, licenseExpiryDate=2025-04-25, phoneNumber=0759012345, address=789 Cherry St, Badulla, email=george.clark@example.com, dateOfBirth=1984-06-20, gender=Male, assignedCarID=89, availability=true, yearsOfExperience=11, rating=4.85, lastTripDate=2023-10-04, emergencyContact=0779876543, salary=51000.0, username=georgeclark, password=hashedpassword9]
Driver [driverID=10, name=Hannah Lewis, nic=123789456V, licenseNumber=B0123456, licenseExpiryDate=2026-03-30, phoneNumber=0790123456, address=321 Peach St, Matara, email=hannah.lewis@example.com, dateOfBirth=1991-02-14, gender=Female, assignedCarID=93, availability=true, yearsOfExperience=4, rating=4.1, lastTripDate=2023-09-26, emergencyContact=0778765432, salary=44000.0, username=lewis, password=lewis123]
Driver [driverID=11, name=John Doe, nic=123456789V, licenseNumber=B1234567, licenseExpiryDate=2025-12-31, phoneNumber=0721234567, address=123 Main St, Colombo, email=john.doe@example.com, dateOfBirth=1985-05-15, gender=Male, assignedCarID=78, availability=true, yearsOfExperience=10, rating=4.75, lastTripDate=2023-10-01, emergencyContact=0777654321, salary=50000.0, username=johndoe, password=hashedpassword1]
Driver [driverID=12, name=Jane Smith, nic=987650321V, licenseNumber=B7654321, licenseExpiryDate=2024-11-30, phoneNumber=0712345678, address=456 Elm St, Kandy, email=jane.smith@example.com, dateOfBirth=1990-08-25, gender=Female, assignedCarID=82, availability=true, yearsOfExperience=8, rating=4.5, lastTripDate=2023-09-28, emergencyContact=0776543210, salary=48000.0, username=janesmith, password=hashedpassword2]
Driver [driverID=14, name=Bob Brown, nic=321654987V, licenseNumber=B4507890, licenseExpiryDate=2025-09-20, phoneNumber=0734567890, address=321 Pine St, Negombo, email=bob.brown@example.com, dateOfBirth=1982-11-30, gender=Male, assignedCarID=84, availability=true, yearsOfExperience=15, rating=4.9, lastTripDate=2023-09-30, emergencyContact=0774321098, salary=55000.0, username=bobbrown, password=hashedpassword4]
Driver [driverID=15, name=Charlie Davis, nic=654123987V, licenseNumber=I5678901, licenseExpiryDate=2024-08-25, phoneNumber=0745678901, address=654 Cedar St, Jaffna, email=charlie.davis@example.com, dateOfBirth=1995-07-18, gender=Male, assignedCarID=85, availability=true, yearsOfExperience=5, rating=4.2, lastTripDate=2023-10-02, emergencyContact=0773210987, salary=45000.0, username=charliedavis, password=hashedpassword5]
Driver [driverID=60, name=Zoe Young, nic=456123789V, licenseNumber=B6789012, licenseExpiryDate=2025-02-28, phoneNumber=0786789012, address=987 Spruce St, Trincomalee, email=zoe.young@example.com, dateOfBirth=1994-01-10, gender=Female, assignedCarID=94, availability=true, yearsOfExperience=3, rating=4.0, lastTripDate=2023-09-25, emergencyContact=0777654321, salary=43000.0, username=zoeyoung, password=hashedpassword60]
Driver [driverID=61, name=Mark, nic=99876v, licenseNumber=mwjhu7777, licenseExpiryDate=2025-02-06, phoneNumber=071987652, address=325/12/77,kurulu Uyana,palanwatte, pannipitiya, email=Marka@gmail.com, dateOfBirth=2000-04-08, gender=Male, assignedCarID=78, availability=true, yearsOfExperience=2, rating=2.3, lastTripDate=2025-01-01, emergencyContact=1122, salary=20000.0, username=Mark, password=Mark123]
]]></system-out>
    <system-err><![CDATA[Mar 16, 2025 2:36:11 PM com.mycompany.b.l.db.DriverDB getAllDrivers
INFO: Fetched 16 drivers from DB
]]></system-err>
  </testcase>
  <testcase name="testGetDriversByAvailability" classname="com.mycompany.b.l.db.DriverDBTest" time="0.001">
    <system-err><![CDATA[Mar 16, 2025 2:36:11 PM com.mycompany.b.l.db.DriverDBTest testGetDriversByAvailability
INFO: Running testGetDriversByAvailability
Mar 16, 2025 2:36:11 PM com.mycompany.b.l.db.DriverDB getDriversByAvailability
INFO: Fetched 1 drivers with availability: true and no assigned car.
Mar 16, 2025 2:36:11 PM com.mycompany.b.l.db.DriverDBTest testGetDriversByAvailability
INFO: Total drivers found: 1
Mar 16, 2025 2:36:11 PM com.mycompany.b.l.db.DriverDBTest testGetDriversByAvailability
INFO: DriverID: 5 | Availability: true | AssignedCarID: NULL
]]></system-err>
  </testcase>
  <testcase name="testAuthenticateDriver_Successful" classname="com.mycompany.b.l.db.DriverDBTest" time="0.0">
    <system-out><![CDATA[testAuthenticateDriver_Successful
]]></system-out>
  </testcase>
  <testcase name="testAuthenticateDriver_Failed" classname="com.mycompany.b.l.db.DriverDBTest" time="0.0">
    <system-out><![CDATA[testAuthenticateDriver_Failed
]]></system-out>
  </testcase>
</testsuite>