<?xml version="1.0" encoding="UTF-8"?>
<testsuite xmlns:xsi="http://www.w3.org/2001/XMLSchema-instance" xsi:noNamespaceSchemaLocation="https://maven.apache.org/surefire/maven-surefire-plugin/xsd/surefire-test-report-3.0.xsd" version="3.0" name="com.mycompany.b.l.db.DriverDBTest" time="0.439" tests="3" errors="0" skipped="0" failures="0">
  <properties>
[...]
</properties>
  <testcase name="testGetDriverById" classname="com.mycompany.b.l.db.DriverDBTest" time="0.328">
    <system-out><![CDATA[getDriverById
]]></system-out>
  </testcase>
  <testcase name="testUpdateDriver" classname="com.mycompany.b.l.db.DriverDBTest" time="0.039">
    <system-out><![CDATA[updateDriver
]]></system-out>
    <system-err><![CDATA[Feb 16, 2025 5:34:00 PM com.mycompany.b.l.db.DriverDB updateDriver
INFO: Driver updated successfully: 4
]]></system-err>
  </testcase>
  <testcase name="testGetAllDrivers" classname="com.mycompany.b.l.db.DriverDBTest" time="0.012">
    <system-out><![CDATA[getAllDrivers
Driver [driverID=1, name=John Doe, nic=123456789V, licenseNumber=LIC123456, licenseExpiryDate=2025-12-31, phoneNumber=+94123456789, address=123 Main St, Colombo, email=john.doe@example.com, dateOfBirth=1990-05-15, gender=Male, assignedCarID=10, availability=true, yearsOfExperience=5, rating=4.5, lastTripDate=2023-10-01, emergencyContact=+94123456780, salary=50000.0]
Driver [driverID=4, name=Updated Name, nic=665555V, licenseNumber=AB1234567, licenseExpiryDate=2025-12-31, phoneNumber=077736366726, address=123 New Street, City, email=updatedemail@example.com, dateOfBirth=1985-05-12, gender=Male, assignedCarID=8, availability=true, yearsOfExperience=10, rating=4.5, lastTripDate=2025-01-25, emergencyContact=911, salary=50000.0]
Driver [driverID=5, name=Robert Wilson, nic=567890123V, licenseNumber=B5678901, licenseExpiryDate=2029-07-30, phoneNumber=0775678901, address=753 Maple Lane, City, email=robertw@email.com, dateOfBirth=1988-06-21, gender=Male, assignedCarID=10, availability=true, yearsOfExperience=12, rating=4.7, lastTripDate=2025-02-02, emergencyContact=072, salary=49000.0]
Driver [driverID=7, name=David Martinez, nic=789012345V, licenseNumber=B7890123, licenseExpiryDate=2027-09-18, phoneNumber=0777890123, address=369 Cedar Rd, City, email=davidm@email.com, dateOfBirth=1987-04-19, gender=Male, assignedCarID=10, availability=true, yearsOfExperience=11, rating=4.8, lastTripDate=2025-02-07, emergencyContact=179, salary=51000.0]
Driver [driverID=9, name=Daniel Harris, nic=901234567V, licenseNumber=B9012345, licenseExpiryDate=2028-01-12, phoneNumber=0779012345, address=258 Redwood St, City, email=danielh@email.com, dateOfBirth=1991-10-10, gender=Male, assignedCarID=10, availability=true, yearsOfExperience=9, rating=4.6, lastTripDate=2025-02-05, emergencyContact=079, salary=48500.0]
Driver [driverID=10, name=Sophia Clark, nic=012345678V, licenseNumber=B0123456, licenseExpiryDate=2027-04-08, phoneNumber=0770123456, address=753 Chestnut Ln, City, email=sophiac@email.com, dateOfBirth=1989-05-15, gender=Female, assignedCarID=9, availability=true, yearsOfExperience=10, rating=4.7, lastTripDate=2025-02-06, emergencyContact=079, salary=49500.0]
Driver [driverID=12, name=John Doe, nic=12398376456789V, licenseNumber=L12345678, licenseExpiryDate=2027-12-31, phoneNumber=0712345678, address=1234 Elm Street, City, email=johndoe@email.com, dateOfBirth=1985-06-15, gender=Male, assignedCarID=9, availability=true, yearsOfExperience=5, rating=4.5, lastTripDate=2025-12-20, emergencyContact=0771234567, salary=4000.0]
Driver [driverID=23, name=Lewis davidson, nic=444444444444V, licenseNumber=44, licenseExpiryDate=2028-12-20, phoneNumber=07098765458, address=1234, Main St,uk, email=LewisHamilton@gmail.com, dateOfBirth=1985-08-15, gender=Male, assignedCarID=8, availability=true, yearsOfExperience=5, rating=4.5, lastTripDate=2025-02-01, emergencyContact=0712345679, salary=3000.0]
Driver [driverID=25, name=Carlos sainz, nic=112222333V, licenseNumber=gfd0982327, licenseExpiryDate=2028-12-20, phoneNumber=0796875553, address=12346, Main St,uk, email=carlossainz1@gmail.com, dateOfBirth=1985-08-15, gender=Male, assignedCarID=8, availability=true, yearsOfExperience=5, rating=4.5, lastTripDate=2025-02-01, emergencyContact=0712987645679, salary=30000.0]
Driver [driverID=26, name=Connan Gray, nic=19222333V, licenseNumber=gfd09867227, licenseExpiryDate=2028-12-20, phoneNumber=0709877777, address=1288, Main St,usa, email=ConnanGray@gmail.com, dateOfBirth=1985-08-15, gender=Male, assignedCarID=8, availability=true, yearsOfExperience=5, rating=4.5, lastTripDate=2025-02-01, emergencyContact=0712987645679, salary=30000.0]
Driver [driverID=29, name=Taylor Swift, nic=19222399V, licenseNumber=C21344, licenseExpiryDate=2028-12-20, phoneNumber=0765678765, address=1288, Main2 St, USA, email=Taylor@gmail.com, dateOfBirth=1985-08-15, gender=Female, assignedCarID=8, availability=true, yearsOfExperience=5, rating=4.5, lastTripDate=2025-02-01, emergencyContact=0712987645679, salary=320000.0]
Driver [driverID=30, name=Chan, nic=900000000v, licenseNumber=1122223d, licenseExpiryDate=2025-12-02, phoneNumber=0719561082, address=Railway, email=X@gmail.com, dateOfBirth=2002-03-03, gender=Male, assignedCarID=8, availability=true, yearsOfExperience=8, rating=5.0, lastTripDate=2025-01-02, emergencyContact=777, salary=60000.0]
]]></system-out>
    <system-err><![CDATA[Feb 16, 2025 5:34:00 PM com.mycompany.b.l.db.DriverDB getAllDrivers
INFO: Fetched 12 drivers from DB
]]></system-err>
  </testcase>
</testsuite>