<?xml version="1.0" encoding="UTF-8"?>
<testsuite xmlns:xsi="http://www.w3.org/2001/XMLSchema-instance" xsi:noNamespaceSchemaLocation="https://maven.apache.org/surefire/maven-surefire-plugin/xsd/surefire-test-report-3.0.xsd" version="3.0" name="com.mycompany.b.l.db.CarDBTest" time="0.003" tests="7" errors="0" skipped="0" failures="0">
  <properties>
[...]
</properties>
  <testcase name="testSearchCar" classname="com.mycompany.b.l.db.CarDBTest" time="0.001">
    <system-err><![CDATA[Mar 16, 2025 2:36:11 PM com.mycompany.b.l.db.CarDBTest setUpClass
INFO: Starting CarDB Tests...
Mar 16, 2025 2:36:11 PM com.mycompany.b.l.db.CarDBTest testSearchCar
INFO: Testing searchCar method
]]></system-err>
  </testcase>
  <testcase name="testUpdateCar" classname="com.mycompany.b.l.db.CarDBTest" time="0.001">
    <system-err><![CDATA[Mar 16, 2025 2:36:11 PM com.mycompany.b.l.db.CarDBTest testUpdateCar
INFO: Starting testUpdateCar method for carID: 88
Mar 16, 2025 2:36:11 PM com.mycompany.b.l.db.CarDBTest testUpdateCar
INFO: Initial car state before update: Car{carID=88, licensePlate='PUL73', model='Civic', make='Jeep', year=2022, capacity=5, fuelType=Petrol, availability=true, lastServiceDate=2025-03-16, insuranceExpiryDate=2026-03-16, mileage=5000.00, status=Available, driverID=7, price=200.0, dicount=4.0, tax=3.0}
Mar 16, 2025 2:36:11 PM com.mycompany.b.l.db.CarDBTest testUpdateCar
INFO: Updating car with carID: 88
Mar 16, 2025 2:36:11 PM com.mycompany.b.l.db.CarDB updateCar
INFO: Car updated successfully.
Mar 16, 2025 2:36:11 PM com.mycompany.b.l.db.CarDBTest testUpdateCar
INFO: Retrieving updated car with carID: 88
Mar 16, 2025 2:36:11 PM com.mycompany.b.l.db.CarDBTest testUpdateCar
INFO: Updated car state: Car{carID=88, licensePlate='PUL73', model='Civic', make='Jeep', year=2022, capacity=5, fuelType=Petrol, availability=true, lastServiceDate=2025-03-16, insuranceExpiryDate=2026-03-16, mileage=5000.00, status=Available, driverID=7, price=200.0, dicount=4.0, tax=3.0}
Mar 16, 2025 2:36:11 PM com.mycompany.b.l.db.CarDBTest testUpdateCar
INFO: Verifying update assertions for carID: 88
Mar 16, 2025 2:36:11 PM com.mycompany.b.l.db.CarDBTest testUpdateCar
INFO: Update test passed for carID: 88
]]></system-err>
  </testcase>
  <testcase name="testFetchAvailableCars_Successful" classname="com.mycompany.b.l.db.CarDBTest" time="0.0">
    <system-out><![CDATA[testFetchAvailableCars_Successful
LastServiceDate is null, which is allowed for this test.
LastServiceDate is null, which is allowed for this test.
LastServiceDate is null, which is allowed for this test.
]]></system-out>
  </testcase>
  <testcase name="testGetAllCars" classname="com.mycompany.b.l.db.CarDBTest" time="0.0">
    <system-err><![CDATA[Mar 16, 2025 2:36:11 PM com.mycompany.b.l.db.CarDBTest testGetAllCars
INFO: Starting testGetAllCars method
Mar 16, 2025 2:36:11 PM com.mycompany.b.l.db.CarDBTest testGetAllCars
INFO: Checking if CarDB instance is initialized
Mar 16, 2025 2:36:11 PM com.mycompany.b.l.db.CarDBTest testGetAllCars
INFO: CarDB instance is initialized successfully
Mar 16, 2025 2:36:11 PM com.mycompany.b.l.db.CarDBTest testGetAllCars
INFO: Retrieving list of cars from the database
Mar 16, 2025 2:36:11 PM com.mycompany.b.l.db.CarDBTest testGetAllCars
INFO: Number of cars retrieved: 63
Mar 16, 2025 2:36:11 PM com.mycompany.b.l.db.CarDBTest testGetAllCars
INFO: First car in the list: Car{carID=74, licensePlate='ASD2000', model='39 Series', make='BMW', year=2020, capacity=5, fuelType=Hybrid, availability=true, lastServiceDate=2024-02-15, insuranceExpiryDate=2025-12-15, mileage=25000.00, status=On Trip, driverID=5, price=2000.0, dicount=0.0, tax=2.0}
Mar 16, 2025 2:36:11 PM com.mycompany.b.l.db.CarDBTest testGetAllCars
INFO: Performing assertions on the retrieved car list
Mar 16, 2025 2:36:11 PM com.mycompany.b.l.db.CarDBTest testGetAllCars
INFO: testGetAllCars method completed successfully
]]></system-err>
  </testcase>
  <testcase name="testDeleteCar" classname="com.mycompany.b.l.db.CarDBTest" time="0.0">
    <system-err><![CDATA[Mar 16, 2025 2:36:11 PM com.mycompany.b.l.db.CarDBTest testDeleteCar
INFO: Testing deleteCar method
]]></system-err>
  </testcase>
  <testcase name="testGetCarById" classname="com.mycompany.b.l.db.CarDBTest" time="0.0">
    <system-err><![CDATA[Mar 16, 2025 2:36:11 PM com.mycompany.b.l.db.CarDBTest testGetCarById
INFO: Testing getCarById method
]]></system-err>
  </testcase>
  <testcase name="testAddCar" classname="com.mycompany.b.l.db.CarDBTest" time="0.0">
    <system-err><![CDATA[Mar 16, 2025 2:36:11 PM com.mycompany.b.l.db.CarDBTest testAddCar
INFO: Testing addCar method
Mar 16, 2025 2:36:11 PM com.mycompany.b.l.db.CarDB addCar
SEVERE: Error adding car: Duplicate entry 'Q9062' for key 'cars.LicensePlate'
java.sql.SQLIntegrityConstraintViolationException: Duplicate entry 'Q9062' for key 'cars.LicensePlate'
	at com.mysql.cj.jdbc.exceptions.SQLError.createSQLException(SQLError.java:117)
	at com.mysql.cj.jdbc.exceptions.SQLExceptionsMapping.translateException(SQLExceptionsMapping.java:122)
	at com.mysql.cj.jdbc.ClientPreparedStatement.executeInternal(ClientPreparedStatement.java:916)
	at com.mysql.cj.jdbc.ClientPreparedStatement.executeUpdateInternal(ClientPreparedStatement.java:1061)
	at com.mysql.cj.jdbc.ClientPreparedStatement.executeUpdateInternal(ClientPreparedStatement.java:1009)
	at com.mysql.cj.jdbc.ClientPreparedStatement.executeLargeUpdate(ClientPreparedStatement.java:1320)
	at com.mysql.cj.jdbc.ClientPreparedStatement.executeUpdate(ClientPreparedStatement.java:994)
	at com.mycompany.b.l.db.CarDB.addCar(CarDB.java:46)
	at com.mycompany.b.l.db.CarDBTest.testAddCar(CarDBTest.java:47)
	at sun.reflect.NativeMethodAccessorImpl.invoke0(Native Method)
	at sun.reflect.NativeMethodAccessorImpl.invoke(NativeMethodAccessorImpl.java:62)
	at sun.reflect.DelegatingMethodAccessorImpl.invoke(DelegatingMethodAccessorImpl.java:43)
	at java.lang.reflect.Method.invoke(Method.java:498)
	at org.junit.runners.model.FrameworkMethod$1.runReflectiveCall(FrameworkMethod.java:59)
	at org.junit.internal.runners.model.ReflectiveCallable.run(ReflectiveCallable.java:12)
	at org.junit.runners.model.FrameworkMethod.invokeExplosively(FrameworkMethod.java:56)
	at org.junit.internal.runners.statements.InvokeMethod.evaluate(InvokeMethod.java:17)
	at org.junit.internal.runners.statements.RunBefores.evaluate(RunBefores.java:26)
	at org.junit.internal.runners.statements.RunAfters.evaluate(RunAfters.java:27)
	at org.junit.runners.ParentRunner$3.evaluate(ParentRunner.java:306)
	at org.junit.runners.BlockJUnit4ClassRunner$1.evaluate(BlockJUnit4ClassRunner.java:100)
	at org.junit.runners.ParentRunner.runLeaf(ParentRunner.java:366)
	at org.junit.runners.BlockJUnit4ClassRunner.runChild(BlockJUnit4ClassRunner.java:103)
	at org.junit.runners.BlockJUnit4ClassRunner.runChild(BlockJUnit4ClassRunner.java:63)
	at org.junit.runners.ParentRunner$4.run(ParentRunner.java:331)
	at org.junit.runners.ParentRunner$1.schedule(ParentRunner.java:79)
	at org.junit.runners.ParentRunner.runChildren(ParentRunner.java:329)
	at org.junit.runners.ParentRunner.access$100(ParentRunner.java:66)
	at org.junit.runners.ParentRunner$2.evaluate(ParentRunner.java:293)
	at org.junit.internal.runners.statements.RunBefores.evaluate(RunBefores.java:26)
	at org.junit.internal.runners.statements.RunAfters.evaluate(RunAfters.java:27)
	at org.junit.runners.ParentRunner$3.evaluate(ParentRunner.java:306)
	at org.junit.runners.ParentRunner.run(ParentRunner.java:413)
	at org.apache.maven.surefire.junit4.JUnit4Provider.execute(JUnit4Provider.java:316)
	at org.apache.maven.surefire.junit4.JUnit4Provider.executeWithRerun(JUnit4Provider.java:240)
	at org.apache.maven.surefire.junit4.JUnit4Provider.executeTestSet(JUnit4Provider.java:214)
	at org.apache.maven.surefire.junit4.JUnit4Provider.invoke(JUnit4Provider.java:155)
	at org.apache.maven.surefire.booter.ForkedBooter.runSuitesInProcess(ForkedBooter.java:385)
	at org.apache.maven.surefire.booter.ForkedBooter.execute(ForkedBooter.java:162)
	at org.apache.maven.surefire.booter.ForkedBooter.run(ForkedBooter.java:507)
	at org.apache.maven.surefire.booter.ForkedBooter.main(ForkedBooter.java:495)

]]></system-err>
  </testcase>
</testsuite>