<?xml version="1.0" encoding="UTF-8"?>
<testsuite xmlns:xsi="http://www.w3.org/2001/XMLSchema-instance" xsi:noNamespaceSchemaLocation="https://maven.apache.org/surefire/maven-surefire-plugin/xsd/surefire-test-report-3.0.xsd" version="3.0" name="com.mycompany.b.l.db.BookingDAOTest" time="1.239" tests="17" errors="0" skipped="0" failures="0">
  <properties>
[...]
</properties>
  <testcase name="testGetBookingsByStatus" classname="com.mycompany.b.l.db.BookingDAOTest" time="0.445">
    <system-out><![CDATA[getBookingsByStatus
Found 284 bookings with status: Pending
]]></system-out>
    <system-err><![CDATA[SLF4J(W): No SLF4J providers were found.
SLF4J(W): Defaulting to no-operation (NOP) logger implementation
SLF4J(W): See https://www.slf4j.org/codes.html#noProviders for further details.
]]></system-err>
  </testcase>
  <testcase name="testSearchBookingsByCustomerID" classname="com.mycompany.b.l.db.BookingDAOTest" time="0.069">
    <system-out><![CDATA[searchBookingsByCustomerID
Found 333 bookings for customer ID: 1
]]></system-out>
  </testcase>
  <testcase name="testGetBookingById" classname="com.mycompany.b.l.db.BookingDAOTest" time="0.018">
    <system-out><![CDATA[getBookingById
]]></system-out>
  </testcase>
  <testcase name="testGetBookingsByDriverId" classname="com.mycompany.b.l.db.BookingDAOTest" time="0.014">
    <system-out><![CDATA[getBookingsByDriverId
No bookings found for driverId=1
]]></system-out>
  </testcase>
  <testcase name="testGetBookingsByDriverIdAndStatus" classname="com.mycompany.b.l.db.BookingDAOTest" time="0.022">
    <system-out><![CDATA[getBookingsByDriverIdAndStatus
]]></system-out>
  </testcase>
  <testcase name="testGetBookingsByCustomerIdAndDriverId" classname="com.mycompany.b.l.db.BookingDAOTest" time="0.012">
    <system-out><![CDATA[getBookingsByCustomerIdAndDriverId
No bookings found for customerId=10 and driverId=86
]]></system-out>
  </testcase>
  <testcase name="testGetBookingsByCustomerIdOrderByBookingDate" classname="com.mycompany.b.l.db.BookingDAOTest" time="0.021">
    <system-out><![CDATA[getBookingsByCustomerIdOrderByBookingDate
]]></system-out>
  </testcase>
  <testcase name="testGetBookingsWithNullDriverId" classname="com.mycompany.b.l.db.BookingDAOTest" time="0.069">
    <system-out><![CDATA[getBookingsWithNullDriverId
]]></system-out>
  </testcase>
  <testcase name="testGetAllBookings" classname="com.mycompany.b.l.db.BookingDAOTest" time="0.043">
    <system-err><![CDATA[Mar 11, 2025 4:43:53 PM com.mycompany.b.l.db.BookingDAOTest testGetAllBookings
INFO: Starting testGetAllBookings method
Mar 11, 2025 4:43:53 PM com.mycompany.b.l.db.BookingDAOTest testGetAllBookings
INFO: Checking if BookingDAO instance is initialized
Mar 11, 2025 4:43:53 PM com.mycompany.b.l.db.BookingDAOTest testGetAllBookings
INFO: BookingDAO instance is initialized successfully
Mar 11, 2025 4:43:53 PM com.mycompany.b.l.db.BookingDAOTest testGetAllBookings
INFO: Retrieving list of bookings from the database
Mar 11, 2025 4:43:53 PM com.mycompany.b.l.db.BookingDAOTest testGetAllBookings
INFO: Number of cars retrieved: 931
Mar 11, 2025 4:43:53 PM com.mycompany.b.l.db.BookingDAOTest testGetAllBookings
INFO: First car in the list: Booking{bookingId=2, customerId=10, pickupLocation='123 Main St', dropLocation='456 Elm St', price=50.0, discount=5.0, tax=4.5, bookingDate=2023-10-01 10:00:00.0, status=Pending, carId=86, driverId=0}
Mar 11, 2025 4:43:53 PM com.mycompany.b.l.db.BookingDAOTest testGetAllBookings
INFO: Performing assertions on the retrieved car list
Mar 11, 2025 4:43:53 PM com.mycompany.b.l.db.BookingDAOTest testGetAllBookings
INFO: testGetAllCars method completed successfully
]]></system-err>
  </testcase>
  <testcase name="testUpdateBooking" classname="com.mycompany.b.l.db.BookingDAOTest" time="0.041">
    <system-out><![CDATA[updateBooking
]]></system-out>
    <system-err><![CDATA[Mar 11, 2025 4:43:53 PM com.mycompany.b.l.db.BookingDAO updateBooking
INFO: Booking updated successfully.
]]></system-err>
  </testcase>
  <testcase name="testGetBookingsByDateRange" classname="com.mycompany.b.l.db.BookingDAOTest" time="0.039">
    <system-out><![CDATA[getBookingsByDateRange
]]></system-out>
  </testcase>
  <testcase name="testGetBookingsByCarId" classname="com.mycompany.b.l.db.BookingDAOTest" time="0.071">
    <system-out><![CDATA[getBookingsByCarId
]]></system-out>
  </testcase>
  <testcase name="testAddBooking" classname="com.mycompany.b.l.db.BookingDAOTest" time="0.044">
    <system-out><![CDATA[addBooking
]]></system-out>
  </testcase>
  <testcase name="testGetBookingsByCarIdAndStatus" classname="com.mycompany.b.l.db.BookingDAOTest" time="0.048">
    <system-out><![CDATA[getBookingsByCarIdAndStatus
Found 209 bookings for carId: 86 and status: Pending
]]></system-out>
  </testcase>
  <testcase name="testGetBookingsByCustomerIdAndCarIdAndDriverId" classname="com.mycompany.b.l.db.BookingDAOTest" time="0.034">
    <system-out><![CDATA[getBookingsByCustomerIdAndCarIdAndDriverId
]]></system-out>
  </testcase>
  <testcase name="testDeleteBooking" classname="com.mycompany.b.l.db.BookingDAOTest" time="0.1">
    <system-out><![CDATA[deleteBooking
]]></system-out>
  </testcase>
  <testcase name="testGetBookingsByCustomerIdAndStatus" classname="com.mycompany.b.l.db.BookingDAOTest" time="0.042">
    <system-out><![CDATA[getBookingsByCustomerIdAndStatus
]]></system-out>
  </testcase>
</testsuite>